<?xml version="1.0" encoding="UTF-8"?>
<!-- Generated by org.testng.reporters.JUnitReportReporter -->
<testsuite hostname="DESKTOP-IP4K28O" failures="0" tests="3" name="groupExecution.Test2" time="0.004" errors="0" timestamp="2024-08-08T12:11:56 IST" skipped="0">
  <testcase classname="groupExecution.Test2" name="demo2" time="0.002"/>
  <system-out/>
  <testcase classname="groupExecution.Test2" name="demo1" time="0.001"/>
  <system-out/>
  <testcase classname="groupExecution.Test2" name="demo3" time="0.001"/>
  <system-out/>
</testsuite> <!-- groupExecution.Test2 -->
