<?xml version="1.0" encoding="UTF-8"?>
<!-- Generated by org.testng.reporters.JUnitReportReporter -->
<testsuite hostname="LAPTOP-H7R7DK85" failures="0" tests="4" name="practice.DisableTestScript" time="0.012" errors="0" timestamp="2024-08-02T12:32:52 IST" skipped="1">
  <testcase classname="practice.DisableTestScript" name="test2" time="0.010"/>
  <system-out>
    <![CDATA[test2]]>
  </system-out>
  <testcase classname="practice.DisableTestScript" name="test2" time="0.001"/>
  <system-out>
    <![CDATA[test2]]>
  </system-out>
  <testcase classname="practice.DisableTestScript" name="test2" time="0.001"/>
  <system-out>
    <![CDATA[test2]]>
  </system-out>
  <testcase classname="practice.DisableTestScript" name="test1">
    <skipped/>
  </testcase> <!-- test1 -->
  <system-out/>
</testsuite> <!-- practice.DisableTestScript -->
