<?xml version="1.0" encoding="UTF-8"?>
<!-- Generated by org.testng.reporters.JUnitReportReporter -->
<testsuite hostname="LAPTOP-H7R7DK85" failures="0" tests="3" name="practice.InvocationCount" time="0.013" errors="0" timestamp="2024-08-02T12:22:54 IST" skipped="0">
  <testcase classname="practice.InvocationCount" name="test2" time="0.011"/>
  <system-out>
    <![CDATA[test2]]>
  </system-out>
  <testcase classname="practice.InvocationCount" name="test2" time="0.000"/>
  <system-out>
    <![CDATA[test2]]>
  </system-out>
  <testcase classname="practice.InvocationCount" name="test2" time="0.002"/>
  <system-out>
    <![CDATA[test2]]>
  </system-out>
</testsuite> <!-- practice.InvocationCount -->
