<?xml version="1.0" encoding="UTF-8"?>
<!-- Generated by org.testng.reporters.JUnitReportReporter -->
<testsuite hostname="DESKTOP-IP4K28O" failures="0" tests="1" name="practice.WhyNotIfElse" time="0.046" errors="0" timestamp="2024-08-05T11:30:37 IST" skipped="0">
  <testcase classname="practice.WhyNotIfElse" name="demo" time="0.046"/>
  <system-out/>
</testsuite> <!-- practice.WhyNotIfElse -->
