<?xml version="1.0" encoding="UTF-8"?>
<!-- Generated by org.testng.reporters.JUnitReportReporter -->
<testsuite hostname="DESKTOP-IP4K28O" failures="0" tests="1" name="testScripts.CreateCategoryTest" time="18.120" errors="0" timestamp="2024-08-10T12:16:29 IST" skipped="0">
  <testcase classname="testScripts.CreateCategoryTest" name="addCategoryTest" time="18.120"/>
  <system-out/>
</testsuite> <!-- testScripts.CreateCategoryTest -->
