<?xml version="1.0" encoding="UTF-8"?>
<!-- Generated by org.testng.reporters.JUnitReportReporter -->
<testsuite hostname="DESKTOP-IP4K28O" failures="0" tests="1" name="groupExecution.Test3" time="0.007" errors="0" timestamp="2024-08-08T12:11:56 IST" skipped="0">
  <testcase classname="groupExecution.Test3" name="demo1" time="0.007"/>
  <system-out/>
</testsuite> <!-- groupExecution.Test3 -->
