<?xml version="1.0" encoding="UTF-8"?>
<!-- Generated by org.testng.reporters.JUnitReportReporter -->
<testsuite hostname="DESKTOP-IP4K28O" failures="0" tests="2" name="crossBrowserParallel.Test2" time="46.807" errors="0" timestamp="2024-08-08T13:01:55 IST" skipped="0">
  <testcase classname="crossBrowserParallel.Test2" name="swiggy" time="10.546"/>
  <system-out/>
  <testcase classname="crossBrowserParallel.Test2" name="swiggy" time="36.261"/>
  <system-out/>
</testsuite> <!-- crossBrowserParallel.Test2 -->
