<?xml version="1.0" encoding="UTF-8"?>
<!-- Generated by org.testng.reporters.JUnitReportReporter -->
<testsuite hostname="DESKTOP-IP4K28O" failures="0" tests="1" name="groupExecution.Test1" time="0.001" errors="0" timestamp="2024-08-08T12:11:56 IST" skipped="0">
  <testcase classname="groupExecution.Test1" name="demo1" time="0.001"/>
  <system-out/>
</testsuite> <!-- groupExecution.Test1 -->
