<?xml version="1.0" encoding="UTF-8"?>
<!-- Generated by org.testng.reporters.JUnitReportReporter -->
<testsuite hostname="DESKTOP-IP4K28O" failures="0" tests="2" name="crossBrowserParallel.Test1" time="6.468" errors="0" timestamp="2024-08-08T13:01:55 IST" skipped="0">
  <testcase classname="crossBrowserParallel.Test1" name="google" time="0.462"/>
  <system-out/>
  <testcase classname="crossBrowserParallel.Test1" name="google" time="6.006"/>
  <system-out/>
</testsuite> <!-- crossBrowserParallel.Test1 -->
