<?xml version="1.0" encoding="UTF-8"?>
<!-- Generated by org.testng.reporters.JUnitReportReporter -->
<testsuite hostname="LAPTOP-H7R7DK85" failures="0" tests="1" name="practice.SampleTest" time="0.011" errors="0" timestamp="2024-08-03T12:15:04 IST" skipped="0">
  <testcase classname="practice.SampleTest" name="demo" time="0.011"/>
  <system-out>
    <![CDATA[Hello World!]]>
  </system-out>
</testsuite> <!-- practice.SampleTest -->
