<?xml version="1.0" encoding="UTF-8"?>
<!-- Generated by org.testng.reporters.JUnitReportReporter -->
<testsuite hostname="DESKTOP-IP4K28O" failures="0" tests="2" name="batchExecution.Test1" time="0.006" errors="0" timestamp="2024-08-08T12:34:01 IST" skipped="0">
  <testcase classname="batchExecution.Test1" name="demo1" time="0.001"/>
  <system-out/>
  <testcase classname="batchExecution.Test1" name="demo2" time="0.005"/>
  <system-out/>
</testsuite> <!-- batchExecution.Test1 -->
