<?xml version="1.0" encoding="UTF-8"?>
<!-- Generated by org.testng.reporters.JUnitReportReporter -->
<testsuite hostname="DESKTOP-IP4K28O" failures="0" tests="2" name="batchExecution.Test5" time="0.005" errors="0" timestamp="2024-08-08T12:34:01 IST" skipped="0">
  <testcase classname="batchExecution.Test5" name="demo2" time="0.003"/>
  <system-out/>
  <testcase classname="batchExecution.Test5" name="demo1" time="0.002"/>
  <system-out/>
</testsuite> <!-- batchExecution.Test5 -->
